La génération a démarré 23/05/2018 10:45:44.
     1>Projet "C:\Users\raissa saleu\Documents\Visual Studio 2012\Projects\PDSTSP_PL\PDSTSP_PL\PDSTSP_PL.vcxproj" sur le nœud 2 (Build cible(s)).
     1>ClCompile:
         C:\Program Files (x86)\Microsoft Visual Studio 11.0\VC\bin\CL.exe /c /I"C:\Program Files (x86)\IBM\ILOG\CPLEX_Studio1263\cplex\include" /I"C:\Program Files (x86)\IBM\ILOG\CPLEX_Studio1263\concert\include" /ZI /nologo /W3 /WX- /Od /Oy- /D IL_STD /D WIN32 /D IL_STD /D WIN32 /D _CONSOLE /D _UNICODE /D UNICODE /Gm /EHsc /RTC1 /MD /GS /fp:precise /Zc:wchar_t /Zc:forScope /Fo"Debug\\" /Fd"Debug\vc110.pdb" /Gd /TP /analyze- /errorReport:prompt ModeleCplex.cpp
         ModeleCplex.cpp
     1>c:\users\raissa saleu\documents\visual studio 2012\projects\pdstsp_pl\pdstsp_pl\modelecplex.cpp(257): warning C4244: '=' : conversion de 'const IloNum' en 'float', perte possible de données
     1>c:\users\raissa saleu\documents\visual studio 2012\projects\pdstsp_pl\pdstsp_pl\modelecplex.cpp(272): warning C4244: '=' : conversion de 'const IloNum' en 'float', perte possible de données
     1>c:\users\raissa saleu\documents\visual studio 2012\projects\pdstsp_pl\pdstsp_pl\modelecplex.cpp(593): warning C4244: '+=' : conversion de 'const IloNum' en 'float', perte possible de données
     1>c:\users\raissa saleu\documents\visual studio 2012\projects\pdstsp_pl\pdstsp_pl\modelecplex.cpp(600): warning C4244: '+=' : conversion de 'const IloNum' en 'float', perte possible de données
     1>c:\users\raissa saleu\documents\visual studio 2012\projects\pdstsp_pl\pdstsp_pl\modelecplex.cpp(758): warning C4244: '+=' : conversion de 'const IloNum' en 'float', perte possible de données
     1>c:\users\raissa saleu\documents\visual studio 2012\projects\pdstsp_pl\pdstsp_pl\modelecplex.cpp(768): warning C4244: '=' : conversion de 'const IloNum' en 'float', perte possible de données
     1>c:\users\raissa saleu\documents\visual studio 2012\projects\pdstsp_pl\pdstsp_pl\modelecplex.cpp(639): warning C4101: 'val2' : variable locale non référencée
       Link:
         C:\Program Files (x86)\Microsoft Visual Studio 11.0\VC\bin\link.exe /ERRORREPORT:PROMPT /OUT:"C:\Users\raissa saleu\Documents\Visual Studio 2012\Projects\PDSTSP_PL\Debug\PDSTSP_PL.exe" /INCREMENTAL /NOLOGO "C:\Program Files (x86)\IBM\ILOG\CPLEX_Studio1263\cplex\lib\x86_windows_vs2012\stat_mda\cplex1263.lib" "C:\Program Files (x86)\IBM\ILOG\CPLEX_Studio1263\cplex\lib\x86_windows_vs2012\stat_mda\ilocplex.lib" "C:\Program Files (x86)\IBM\ILOG\CPLEX_Studio1263\concert\lib\x86_windows_vs2012\stat_mda\concert.lib" kernel32.lib user32.lib gdi32.lib winspool.lib comdlg32.lib advapi32.lib shell32.lib ole32.lib oleaut32.lib uuid.lib odbc32.lib odbccp32.lib /MANIFEST /MANIFESTUAC:"level='asInvoker' uiAccess='false'" /manifest:embed /DEBUG /PDB:"C:\Users\raissa saleu\Documents\Visual Studio 2012\Projects\PDSTSP_PL\Debug\PDSTSP_PL.pdb" /SUBSYSTEM:CONSOLE /TLBID:1 /DYNAMICBASE /NXCOMPAT /IMPLIB:"C:\Users\raissa saleu\Documents\Visual Studio 2012\Projects\PDSTSP_PL\Debug\PDSTSP_PL.lib" /MACHINE:X86 Debug\Instance.obj
         Debug\main.obj
         Debug\ModeleCplex.obj
         Debug\Node.obj
         PDSTSP_PL.vcxproj -> C:\Users\raissa saleu\Documents\Visual Studio 2012\Projects\PDSTSP_PL\Debug\PDSTSP_PL.exe
     1>Génération du projet "C:\Users\raissa saleu\Documents\Visual Studio 2012\Projects\PDSTSP_PL\PDSTSP_PL\PDSTSP_PL.vcxproj" terminée (Build cible(s)).

La génération a réussi.

Temps écoulé 00:00:05.51
